<?xml version="1.0" encoding="UTF-8" standalone="no"?>
<testsuite failures="0" tests="1">
<testcase classname="Stock Position Calculation" name="Summarize stock position with the new trades, by order" time="0.117482">
<system-out><![CDATA[Given the existing position as below:....................................................passed
When there are following trades:......................................................passed
Then the new position is as below by order:.................................................passed
]]></system-out>
</testcase>
</testsuite>
